<?xml version="1.0" encoding="UTF-8"?>
<testng-results ignored="0" total="1" passed="1" failed="0" skipped="0">
  <reporter-output>
  </reporter-output>
  <suite started-at="2025-10-28T15:02:24 PKT" name="Default suite" finished-at="2025-10-28T15:02:34 PKT" duration-ms="10413">
    <groups>
    </groups>
    <test started-at="2025-10-28T15:02:24 PKT" name="Default test" finished-at="2025-10-28T15:02:34 PKT" duration-ms="10413">
      <class name="test.SignupTest">
        <test-method is-config="true" signature="setUp()[pri:0, instance:test.SignupTest@3857f613]" started-at="2025-10-28T15:02:24 PKT" name="setUp" finished-at="2025-10-28T15:02:26 PKT" duration-ms="1953" status="PASS">
          <reporter-output>
          </reporter-output>
        </test-method> <!-- setUp -->
        <test-method signature="signupWithOtp()[pri:0, instance:test.SignupTest@3857f613]" started-at="2025-10-28T15:02:26 PKT" name="signupWithOtp" finished-at="2025-10-28T15:02:34 PKT" duration-ms="8121" status="PASS">
          <reporter-output>
          </reporter-output>
        </test-method> <!-- signupWithOtp -->
        <test-method is-config="true" signature="tearDown()[pri:0, instance:test.SignupTest@3857f613]" started-at="2025-10-28T15:02:34 PKT" name="tearDown" finished-at="2025-10-28T15:02:34 PKT" duration-ms="279" status="PASS">
          <reporter-output>
          </reporter-output>
        </test-method> <!-- tearDown -->
      </class> <!-- test.SignupTest -->
    </test> <!-- Default test -->
  </suite> <!-- Default suite -->
</testng-results>
